c:\program files (x86)\bwapi\exampleaimodule\release\easybmp.obj
c:\program files (x86)\bwapi\exampleaimodule\release\bwem.obj
c:\program files (x86)\bwapi\exampleaimodule\release\graph.obj
c:\program files (x86)\bwapi\exampleaimodule\release\mapimpl.obj
c:\program files (x86)\bwapi\exampleaimodule\release\dll.obj
c:\program files (x86)\bwapi\exampleaimodule\release\base.obj
c:\program files (x86)\bwapi\exampleaimodule\release\examples.obj
c:\program files (x86)\bwapi\exampleaimodule\release\map.obj
c:\program files (x86)\bwapi\exampleaimodule\release\tiles.obj
c:\program files (x86)\bwapi\exampleaimodule\release\exampleaimodule.obj
c:\program files (x86)\bwapi\exampleaimodule\release\bwapiext.obj
c:\program files (x86)\bwapi\exampleaimodule\release\cp.obj
c:\program files (x86)\bwapi\exampleaimodule\release\gridmap.obj
c:\program files (x86)\bwapi\exampleaimodule\release\mapprinter.obj
c:\program files (x86)\bwapi\exampleaimodule\release\utils.obj
c:\program files (x86)\bwapi\exampleaimodule\release\winutils.obj
c:\program files (x86)\bwapi\exampleaimodule\release\area.obj
c:\program files (x86)\bwapi\exampleaimodule\release\examplewall.obj
c:\program files (x86)\bwapi\exampleaimodule\release\mapdrawer.obj
c:\program files (x86)\bwapi\exampleaimodule\release\neutral.obj
c:\program files (x86)\bwapi\exampleaimodule\release\rlenvironment.obj
c:\program files (x86)\bwapi\exampleaimodule\release\vc141.pdb
c:\program files (x86)\bwapi\exampleaimodule\release\exampleaimodule.lib
c:\program files (x86)\bwapi\exampleaimodule\release\exampleaimodule.exp
c:\program files (x86)\bwapi\release\exampleaimodule.ipdb
c:\program files (x86)\bwapi\release\exampleaimodule.iobj
c:\program files (x86)\bwapi\release\exampleaimodule.dll
c:\program files (x86)\bwapi\release\exampleaimodule.pdb
c:\program files (x86)\bwapi\exampleaimodule\release\exampleaimodule.tlog\cl.command.1.tlog
c:\program files (x86)\bwapi\exampleaimodule\release\exampleaimodule.tlog\cl.read.1.tlog
c:\program files (x86)\bwapi\exampleaimodule\release\exampleaimodule.tlog\cl.write.1.tlog
c:\program files (x86)\bwapi\exampleaimodule\release\exampleaimodule.tlog\exampleaimodule.write.1u.tlog
c:\program files (x86)\bwapi\exampleaimodule\release\exampleaimodule.tlog\link.command.1.tlog
c:\program files (x86)\bwapi\exampleaimodule\release\exampleaimodule.tlog\link.read.1.tlog
c:\program files (x86)\bwapi\exampleaimodule\release\exampleaimodule.tlog\link.write.1.tlog
